13:25:50
1623, 2308, 4096, 6
13:25:52
1623, 2308, 4096, 10
13:25:54
1931, 2000, 4096, 68
13:25:57
1917, 2014, 4096, 7
13:25:59
1965, 1966, 4096, 17
13:26:01
1965, 1966, 4096, 22
13:26:03
1985, 1946, 4096, 6
13:26:05
1985, 1946, 4096, 6
13:26:08
1986, 1945, 4096, 1
13:26:10
1985, 1946, 4096, 12
13:26:12
1983, 1948, 4096, 26
13:26:14
1970, 1961, 4096, 9
13:26:17
1970, 1961, 4096, 29
13:26:19
1970, 1961, 4096, 6
13:26:21
1970, 1961, 4096, 12
13:26:23
1970, 1961, 4096, 24
13:26:25
1990, 1941, 4096, 3
13:26:28
2005, 1926, 4096, 11
13:26:30
2009, 1922, 4096, 7
13:26:32
2113, 1818, 4096, 9
13:26:35
2081, 1850, 4096, 8
13:26:37
2069, 1862, 4096, 7
13:26:39
2051, 1880, 4096, 11
13:26:42
2090, 1841, 4096, 14
13:26:44
2049, 1882, 4096, 33
13:26:46
2044, 1887, 4096, 7
13:26:48
2028, 1903, 4096, 16
13:26:51
2028, 1903, 4096, 10
13:26:53
2037, 1894, 4096, 17
13:26:55
2037, 1894, 4096, 31
13:26:57
2040, 1891, 4096, 17
13:27:00
2096, 1835, 4096, 12
13:27:02
2095, 1836, 4096, 13
13:27:04
2136, 1795, 4096, 11
13:27:07
2149, 1782, 4096, 30
13:27:09
2137, 1794, 4096, 19
13:27:11
2105, 1826, 4096, 20
13:27:13
2088, 1843, 4096, 12
13:27:16
2080, 1851, 4096, 27
13:27:18
2079, 1852, 4096, 10
13:27:20
2079, 1852, 4096, 10
13:27:22
2079, 1852, 4096, 13
13:27:25
2079, 1852, 4096, 14
13:27:27
2079, 1852, 4096, 24
13:27:29
2079, 1852, 4096, 20
13:27:31
2089, 1842, 4096, 16
13:27:34
2089, 1842, 4096, 7
13:27:36
2089, 1842, 4096, 11
13:27:38
2089, 1842, 4096, 18
13:27:40
2089, 1842, 4096, 22
13:27:43
2089, 1842, 4096, 6
13:27:45
2089, 1842, 4096, 11
13:27:47
2089, 1842, 4096, 10
13:27:49
2089, 1842, 4096, 25
13:27:52
2105, 1826, 4096, 19
13:27:54
2113, 1818, 4096, 15
13:27:56
2113, 1818, 4096, 20
13:27:58
2107, 1824, 4096, 14
13:28:01
2107, 1824, 4096, 6
13:28:03
2107, 1824, 4096, 3
13:28:05
2106, 1825, 4096, 13
13:28:08
2106, 1825, 4096, 21
13:28:10
2106, 1825, 4096, 9
13:28:12
2106, 1825, 4096, 9
13:28:14
2106, 1825, 4096, 31
13:28:17
2112, 1819, 4096, 6
13:28:19
2150, 1781, 4096, 25
13:28:21
2122, 1809, 4096, 9
13:28:24
2106, 1825, 4096, 30
13:28:26
2106, 1825, 4096, 19
13:28:28
2106, 1825, 4096, 16
13:28:31
2106, 1825, 4096, 8
13:28:33
2106, 1825, 4096, 19
13:28:35
2106, 1825, 4096, 32
13:28:38
2107, 1824, 4096, 7
13:28:40
2106, 1825, 4096, 13
13:28:42
2106, 1825, 4096, 32
13:28:45
2151, 1780, 4096, 8
13:28:47
2158, 1773, 4096, 33
13:28:50
2142, 1789, 4096, 18
13:28:52
2124, 1807, 4096, 17
13:28:54
2113, 1818, 4096, 31
13:28:57
2150, 1781, 4096, 6
13:28:59
2154, 1777, 4096, 20
13:29:01
2133, 1798, 4096, 6
13:29:04
2132, 1799, 4096, 11
13:29:06
2132, 1799, 4096, 12
13:29:08
2132, 1799, 4096, 6
13:29:10
2105, 1826, 4096, 20
13:29:13
2031, 1900, 4096, 11
13:29:15
2024, 1907, 4096, 12
13:29:17
2024, 1907, 4096, 33
13:29:19
2096, 1835, 4096, 4
13:29:22
2122, 1809, 4096, 13
13:29:24
2098, 1833, 4096, 25
13:29:26
2080, 1851, 4096, 18
13:29:28
2080, 1851, 4096, 9
13:29:31
2085, 1846, 4096, 17
13:29:33
2123, 1808, 4096, 2
13:29:35
2126, 1805, 4096, 3
13:29:37
2130, 1801, 4096, 1
13:29:40
2072, 1859, 4096, 2
13:29:42
2048, 1883, 4096, 2
13:29:44
2073, 1858, 4096, 5
13:29:46
2045, 1886, 4096, 13
13:29:49
2069, 1862, 4096, 25
13:29:51
2068, 1863, 4096, 18
13:29:53
2067, 1864, 4096, 7
13:29:55
2073, 1858, 4096, 9
13:29:57
2072, 1859, 4096, 19
13:30:00
2072, 1859, 4096, 19
13:30:02
2072, 1859, 4096, 19
13:30:04
2072, 1859, 4096, 24
13:30:06
2072, 1859, 4096, 8
13:30:08
2072, 1859, 4096, 7
13:30:11
2054, 1877, 4096, 20
13:30:13
2052, 1879, 4096, 6
13:30:15
2052, 1879, 4096, 20
13:30:17
2052, 1879, 4096, 2
13:30:20
2052, 1879, 4096, 34
13:30:22
2052, 1879, 4096, 26
13:30:24
2052, 1879, 4096, 20
13:30:26
2052, 1879, 4096, 8
13:30:29
2052, 1879, 4096, 23
13:30:31
2067, 1864, 4096, 25
13:30:33
2075, 1856, 4096, 9
13:30:36
2077, 1854, 4096, 5
13:30:38
2058, 1873, 4096, 3
13:30:40
2057, 1874, 4096, 8
13:30:42
2057, 1874, 4096, 23
13:30:45
2086, 1845, 4096, 21
13:30:47
2094, 1837, 4096, 8
13:30:49
2059, 1872, 4096, 15
13:30:51
2120, 1811, 4096, 30
13:30:54
2193, 1738, 4096, 10
13:30:56
2120, 1811, 4096, 4
13:30:59
2128, 1803, 4096, 18
13:31:01
2088, 1843, 4096, 25
13:31:03
2119, 1812, 4096, 7
